gpu id is -1
How how
Successfully loaded vgg/VGG_CNN_S.caffemodel
conv1: 96 3 7 7
conv2: 256 96 5 5
conv3: 512 256 3 3
conv4: 512 512 3 3
conv5: 512 512 3 3
fc6: 1 1 18432 4096
fc7: 1 1 4096 4096
fc8: 1 1 4096 1000
modelnn.gModule
saving input image to exp_simple_results/input_image.jpg...
Running Iteration: 1...
41992.741939435
41992.254536076
16191.943246424
9582.2467111797
5230.2896188025
3542.4033079574
2588.370092471
2130.0326464499
1920.0106033567
1811.7129144637
1751.2075376013
1714.2403601688
1684.8281245573
4256.0193678267
1678.7344434481
1673.7761667463
1721.151485694
1612.9950203392
1604.0451395879
1935.2343510326
Running Iteration: 2...
1540.4136208065
1540.4130460349
1522.7346255966
1500.7880950039
1404.4972433069
16933.265834831
1368.0543825611
1335.7391450726
91574.995392716
1302.8325532997
1273.084352159
41032.912132381
1214.4951434006
1165.7309149406
24729.886507375
1096.5506841059
1045.542834526
5495.8039466319
944.92408891462
894.44875496909
Running Iteration: 3...
1116.1215330526
1116.1116488077
827.37499106648
746.7548532737
687.49485653901
660.46188709839
641.75942687756
623.42929388744
573.01727333557
1597.2509948852
544.28408591974
522.11379449406
226577.51595063
3104.4666751636
1245.6330868639
714.13953301353
518.16034219386
443.53840787857
406.73775598188
389.03273543371
Running Iteration: 4...
377.83801342317
377.83772658188
364.72014504472
352.45471150984
293.04190053204
653.68093948591
272.01576043914
264.40250553065
286.89343616875
218.50918090225
208.79771784961
12414.235650444
206.97403476264
205.14946053964
6990.6405927398
199.39922220499
194.38127184915
15711.28065039
191.09724147038
188.09932766406
Running Iteration: 5...
1309.9471647965
1309.9163086703
482.40299395134
295.47306848062
176.01715350254
132.94150327963
108.69191330115
97.869673968824
92.754728167569
88.639926965245
83.746017921573
73.108118035427
1323.9719914646
72.445065972534
71.844375195249
60.640428380064
51.220608892663
50.757159215125
46.649471808992
42.691566846679
Running Iteration: 6...
39.146722910215
39.146681956644
34.331551305311
100.13186690104
32.893338401799
31.823287777052
1357.8549066731
31.498135878583
31.187674668607
890.22145261617
30.524655075001
29.919880553187
1044.9416757487
28.295413838755
27.171114859916
115.01012456735
24.746733276815
23.282827137909
170.43329604584
21.114713201577
Running Iteration: 7...
19.752265547495
19.752211343152
18.997287322069
18.285729689291
15.557090286363
14.282091961432
13.905877398511
13.525034103991
12.935057596002
11.031081082529
15.23885062935
10.137284234913
9.8203187493281
32.271175162075
9.4154564063509
9.1189742106883
47.606156505841
8.7795372161948
8.5233989219999
19.472625772265
Running Iteration: 8...
7.7127749460083
7.7127541223349
7.2600741988872
6.8088499822268
6.5193827563733
6.1550220169952
5.959546984277
5.7144658336647
5.295316006045
4.9608884613238
4.7862742946352
4.5127964297866
4.3542053391544
4.1736456630032
4.1306782814247
4.0466942254491
3.9111072456941
3.8225300422925
3.7398501740413
3.6730617526982
Running Iteration: 9...
3.5948503956511
3.5948453576291
3.5426075992479
3.4953165612914
3.4527778202016
3.400910602613
3.3410856589481
3.2853877948074
3.2171783234545
3.1662966499272
3.1326783930952
3.1131297817599
3.0608990212476
3.011499330836
2.9707365008234
2.9391448574033
2.9114202299248
2.8773739512455
2.8456401068967
2.8233144832435
Running Iteration: 10...
2.8030757374882
2.8030731741337
2.7617263256724
2.7410659513725
2.7255282636016
2.7091902131405
2.6893124190752
2.6688768691714
2.6473247604485
2.6228458556947
2.5997500984314
2.582086673055
2.5674561921964
2.547789558086
2.5307740156521
2.5155509103194
2.503285159635
2.4913626858888
2.477694435928
2.466698911383
Running Iteration: 11...
2.4566351796417
2.45663379686
2.4566324141493
2.4566310315094
2.4566296490084
2.4458906868974
2.435318325962
2.4253994744779
2.4154701890663
2.404997189815
2.3951155886834
2.3842852505715
2.3742993815172
2.365088490969
2.3570867635928
2.3500222768642
2.3437455012085
2.3377973133689
2.3317500253063
2.3255668213706
Running Iteration: 12...
2.3203575213529
2.3203564797778
2.3203554382516
2.3203543967743
2.3203533553459
2