gpu id is -1
How how
Successfully loaded vgg/VGG_CNN_S.caffemodel
conv1: 96 3 7 7
conv2: 256 96 5 5
conv3: 512 256 3 3
conv4: 512 512 3 3
conv5: 512 512 3 3
fc6: 1 1 18432 4096
fc7: 1 1 4096 4096
fc8: 1 1 4096 1000
modelnn.gModule
saving input image to exp_simple_results/input_image.jpg...
Running Iteration: 1...
39393.486767385
39393.04070345
15793.249407325
9340.0954981687
5347.8988975038
3464.069105815
2613.0618841898
2157.4600309908
1914.6209410811
1803.0294916501
1747.7417301099
1713.8364943324
1687.6754713402
1791.0784944147
1647.722834224
1635.2403281034
2009.458540732
1591.3104218752
1572.7992378856
1883.8860224663
Running Iteration: 2...
1518.058458474
1518.0580920751
1486.0530370885
1421.1942112112
4375.7382710777
1310.6045111437
1229.1368865308
100285.72625889
1204.0455328809
1180.6230184885
26220.139180561
1117.391393321
1066.0277038848
6883.6771662322
937.50205475827
871.10873750634
1656.7838284646
740.57013614296
718.64693814807
660.18349439358
Running Iteration: 3...
586.48769675623
586.4871881964
568.12486210829
556.74535076808
529.019381899
419.41359998244
1639.4248874542
398.72294273774
386.83603369566
470.06263145214
313.33777942332
294.25687430624
7150.3984109859
288.82235242728
283.97634630018
50200.207409866
282.75779234787
281.56299292899
1371.3610997871
250.40278025523
Running Iteration: 4...
233.35856423637
233.35826006259
225.94034397216
221.54404029871
204.9197130295
1316.2786240605
198.77124778517
193.15776348271
107014.17303536
2025.3155844663
431.13414607925
183.46303862026
166.12354279326
129.50278237825
133.02116233208
105.73505355191
104.28832737328
101.91813138244
96.391930750604
88.137508361918
Running Iteration: 5...
77.616843329832
77.616687283112
76.17137381728
74.970709725672
69.443528233791
3148.921008482
68.895238320353
68.34421279051
5568.579610993
66.257773880567
64.428957788974
2726.3970946525
61.561531629964
59.10444959736
1828.8912805891
56.551808040171
54.548926598968
870.45524208022
50.655946325095
47.730969681366
Running Iteration: 6...
1318.6451188884
1318.6027799835
503.12871702436
286.71274270076
146.20111372503
81.432740748396
46.94628689009
31.762474502001
23.735923874612
20.762369017443
18.067971430179
16.753404184828
15.99735102833
15.475098042248
14.57408426198
12.818738165141
12.274047961779
11.34813118145
11.168955061015
10.49538453713
Running Iteration: 7...
9.3079498513487
9.3078957564075
9.039368232597
8.8874039440684
8.3790133009634
9.6069819457339
7.7230910696505
7.4512353874387
64.42213147529
7.3813241368894
7.3161385122167
140.74122903473
7.2490698497502
7.1856371290018
88.098241649666
7.0263985767074
6.886438340618
27.410404751279
6.2487859167945
5.9973267425553
Running Iteration: 8...
5.8395892380769
5.8395759327801
5.4672180250582
5.2471666868208
5.0172980593144
4.8481769052285
4.5678043700344
4.3804970558118
4.1734932594164
4.1155951455139
4.0187975729942
3.9064770064823
3.8249363414341
3.74770602739
3.6488096306562
3.5665626736283
3.5072000284485
3.4578744161393
3.3790908810961
3.3185038159859
Running Iteration: 9...
3.2740366983398
3.2740324555406
3.2017306337393
3.1537673426022
3.1110601400195
3.070843804956
3.037005417467
3.0086539314529
2.9804052492198
2.950893202976
2.9265692957489
2.9070758295121
2.8847312811306
2.8576962687606
2.8333533203467
2.8122632251452
2.7925120006399
2.7689808720706
2.7495160004155
2.7316320835938
Running Iteration: 10...
2.7115999165923
2.7115979682502
2.7115960200302
2.7115940719323
2.7115921239563
2.7115901761024
2.7115882283704
2.7115862807603
2.7115843332721
2.7115823859057
2.7115804386612
2.7115784915384
2.7115765445374
2.7115745976671
2.7115726509262
2.711570704307
2.7115687578094
2.7115668114334
2.7115648651789
2.711562919046
Running Iteration: 11...
2.7115609730345
2.7115590271445
2.7115570813752
2.7115551357263
2.7115531902533
2.6924298651425
2.675202937176
2.6614562346737
2.6443943904045
2.6297880347301
2.6165199924435
2.6014094653984
2.5859574609906
2.5720052069227
2.5599386393617
2.5489572885779
2.5381383643773
2.5278169550102
2.5177300369288
2.5086666842338
Running Iteration: 12...
2.4987697803447
2.4987686717014
2.4987675631123
2.4987664545774
2.4987653460966
2.498764237